d:\visual workspace\ig\opengl\opengl\debug\vc141.pdb
d:\visual workspace\ig\opengl\opengl\debug\vc141.idb
d:\visual workspace\ig\opengl\opengl\debug\ddsbase.obj
d:\visual workspace\ig\opengl\opengl\debug\fbo.obj
d:\visual workspace\ig\opengl\opengl\debug\source.obj
d:\visual workspace\ig\opengl\opengl\debug\texture.obj
d:\visual workspace\ig\opengl\debug\opengl.exe
d:\visual workspace\ig\opengl\debug\opengl.ilk
d:\visual workspace\ig\opengl\debug\opengl.pdb
d:\visual workspace\ig\opengl\opengl\debug\vc120.idb
d:\visual workspace\ig\opengl\opengl\debug\vc140.idb
d:\visual workspace\ig\opengl\opengl\debug\vc120.pdb
d:\visual workspace\ig\opengl\opengl\debug\vc140.pdb
d:\visual workspace\ig\opengl\opengl\debug\opengl.tlog\cl.command.1.tlog
d:\visual workspace\ig\opengl\opengl\debug\opengl.tlog\cl.read.1.tlog
d:\visual workspace\ig\opengl\opengl\debug\opengl.tlog\cl.write.1.tlog
d:\visual workspace\ig\opengl\opengl\debug\opengl.tlog\link.command.1.tlog
d:\visual workspace\ig\opengl\opengl\debug\opengl.tlog\link.delete.1.tlog
d:\visual workspace\ig\opengl\opengl\debug\opengl.tlog\link.read.1.tlog
d:\visual workspace\ig\opengl\opengl\debug\opengl.tlog\link.write.1.tlog
